<?xml version="1.0" encoding="UTF-8"?>
<testsuite name="lcmbadbm.LibraryTest" tests="1" skipped="0" failures="0" errors="0" timestamp="2021-10-22T00:33:47" hostname="MEIRGARFINKEL" time="0.01">
  <properties/>
  <testcase name="someLibraryMethodReturnsTrue()" classname="lcmbadbm.LibraryTest" time="0.01"/>
  <system-out><![CDATA[]]></system-out>
  <system-err><![CDATA[]]></system-err>
</testsuite>
